<?xml version="1.0" encoding="UTF-8"?>
<testng-results skipped="0" failed="0" ignored="0" total="1" passed="1">
  <reporter-output>
  </reporter-output>
  <suite name="Default suite" duration-ms="42648" started-at="2018-10-24T17:16:26Z" finished-at="2018-10-24T17:17:08Z">
    <groups>
    </groups>
    <test name="Default test" duration-ms="42648" started-at="2018-10-24T17:16:26Z" finished-at="2018-10-24T17:17:08Z">
      <class name="com.org.trujet.maven.selenium.Trujet">
        <test-method status="PASS" signature="browesr()[pri:0, instance:com.org.trujet.maven.selenium.Trujet@1efef64]" name="browesr" is-config="true" duration-ms="22898" started-at="2018-10-24T17:16:26Z" finished-at="2018-10-24T17:16:48Z">
          <reporter-output>
          </reporter-output>
        </test-method> <!-- browesr -->
        <test-method status="PASS" signature="WindowHandling()[pri:1, instance:com.org.trujet.maven.selenium.Trujet@1efef64]" name="WindowHandling" duration-ms="19687" started-at="2018-10-24T17:16:48Z" finished-at="2018-10-24T17:17:08Z">
          <reporter-output>
          </reporter-output>
        </test-method> <!-- WindowHandling -->
      </class> <!-- com.org.trujet.maven.selenium.Trujet -->
    </test> <!-- Default test -->
  </suite> <!-- Default suite -->
</testng-results>
