<?xml version="1.0" encoding="UTF-8"?>
<testng-results skipped="0" failed="0" ignored="0" total="1" passed="1">
  <reporter-output>
  </reporter-output>
  <suite name="Default suite" duration-ms="32635" started-at="2018-10-25T11:12:06Z" finished-at="2018-10-25T11:12:38Z">
    <groups>
    </groups>
    <test name="Default test" duration-ms="32635" started-at="2018-10-25T11:12:06Z" finished-at="2018-10-25T11:12:38Z">
      <class name="com.org.trujet.maven.selenium.Trujet">
        <test-method status="PASS" signature="browesr()[pri:0, instance:com.org.trujet.maven.selenium.Trujet@1efef64]" name="browesr" is-config="true" duration-ms="18317" started-at="2018-10-25T11:12:06Z" finished-at="2018-10-25T11:12:24Z">
          <reporter-output>
          </reporter-output>
        </test-method> <!-- browesr -->
        <test-method status="PASS" signature="WindowHandling()[pri:0, instance:com.org.trujet.maven.selenium.Trujet@1efef64]" name="WindowHandling" duration-ms="14298" started-at="2018-10-25T11:12:24Z" finished-at="2018-10-25T11:12:38Z">
          <reporter-output>
          </reporter-output>
        </test-method> <!-- WindowHandling -->
      </class> <!-- com.org.trujet.maven.selenium.Trujet -->
    </test> <!-- Default test -->
  </suite> <!-- Default suite -->
</testng-results>
