<?xml version="1.0" encoding="UTF-8"?>
<!-- Generated by org.testng.reporters.JUnitXMLReporter -->
<testsuite hostname="JHANSI-PC" ignored="0" name="Surefire test" tests="7" failures="0" timestamp="26 Oct 2018 11:19:41 GMT" time="46.631" errors="0">
  <testcase name="cookieManagement" time="0.03" classname="com.org.Trujet.maven.testng.TrujetWebsiteAutomationTest"/>
  <testcase name="BootstrapDropDown" time="0.292" classname="com.org.Trujet.maven.testng.TrujetWebsiteAutomationTest"/>
  <testcase name="MultipleWindow" time="8.742" classname="com.org.Trujet.maven.testng.TrujetWebsiteAutomationTest"/>
  <testcase name="Scrolling" time="6.073" classname="com.org.Trujet.maven.testng.TrujetWebsiteAutomationTest"/>
  <testcase name="DropdownCountries" time="4.076" classname="com.org.Trujet.maven.testng.TrujetWebsiteAutomationTest"/>
  <testcase name="StateDropDown" time="3.114" classname="com.org.Trujet.maven.testng.TrujetWebsiteAutomationTest"/>
  <testcase name="submitAndRest" time="10.07" classname="com.org.Trujet.maven.testng.TrujetWebsiteAutomationTest"/>
</testsuite> <!-- Surefire test -->
