<?xml version="1.0" encoding="UTF-8"?>
<testng-results skipped="0" failed="0" ignored="0" total="7" passed="7">
  <reporter-output>
  </reporter-output>
  <suite name="Surefire suite" duration-ms="46631" started-at="2018-10-26T11:18:55Z" finished-at="2018-10-26T11:19:41Z">
    <groups>
    </groups>
    <test name="Surefire test" duration-ms="46631" started-at="2018-10-26T11:18:55Z" finished-at="2018-10-26T11:19:41Z">
      <class name="com.org.Trujet.maven.testng.TrujetWebsiteAutomationTest">
        <test-method status="PASS" signature="webdriver()[pri:0, instance:com.org.Trujet.maven.testng.TrujetWebsiteAutomationTest@df4efb]" name="webdriver" is-config="true" duration-ms="14208" started-at="2018-10-26T11:18:55Z" finished-at="2018-10-26T11:19:09Z">
          <reporter-output>
          </reporter-output>
        </test-method> <!-- webdriver -->
        <test-method status="PASS" signature="cookieManagement()[pri:1, instance:com.org.Trujet.maven.testng.TrujetWebsiteAutomationTest@df4efb]" name="cookieManagement" duration-ms="30" started-at="2018-10-26T11:19:09Z" finished-at="2018-10-26T11:19:09Z">
          <reporter-output>
          </reporter-output>
        </test-method> <!-- cookieManagement -->
        <test-method status="PASS" signature="BootstrapDropDown()[pri:2, instance:com.org.Trujet.maven.testng.TrujetWebsiteAutomationTest@df4efb]" name="BootstrapDropDown" duration-ms="292" started-at="2018-10-26T11:19:09Z" finished-at="2018-10-26T11:19:09Z">
          <reporter-output>
          </reporter-output>
        </test-method> <!-- BootstrapDropDown -->
        <test-method status="PASS" signature="MultipleWindow()[pri:3, instance:com.org.Trujet.maven.testng.TrujetWebsiteAutomationTest@df4efb]" name="MultipleWindow" duration-ms="8742" started-at="2018-10-26T11:19:09Z" finished-at="2018-10-26T11:19:18Z">
          <reporter-output>
          </reporter-output>
        </test-method> <!-- MultipleWindow -->
        <test-method status="PASS" signature="Scrolling()[pri:4, instance:com.org.Trujet.maven.testng.TrujetWebsiteAutomationTest@df4efb]" name="Scrolling" duration-ms="6073" started-at="2018-10-26T11:19:18Z" finished-at="2018-10-26T11:19:24Z">
          <reporter-output>
          </reporter-output>
        </test-method> <!-- Scrolling -->
        <test-method status="PASS" signature="DropdownCountries()[pri:5, instance:com.org.Trujet.maven.testng.TrujetWebsiteAutomationTest@df4efb]" name="DropdownCountries" duration-ms="4076" started-at="2018-10-26T11:19:24Z" finished-at="2018-10-26T11:19:28Z">
          <reporter-output>
          </reporter-output>
        </test-method> <!-- DropdownCountries -->
        <test-method status="PASS" signature="StateDropDown()[pri:6, instance:com.org.Trujet.maven.testng.TrujetWebsiteAutomationTest@df4efb]" name="StateDropDown" duration-ms="3114" started-at="2018-10-26T11:19:28Z" finished-at="2018-10-26T11:19:31Z">
          <reporter-output>
          </reporter-output>
        </test-method> <!-- StateDropDown -->
        <test-method status="PASS" signature="submitAndRest()[pri:7, instance:com.org.Trujet.maven.testng.TrujetWebsiteAutomationTest@df4efb]" name="submitAndRest" duration-ms="10070" started-at="2018-10-26T11:19:31Z" finished-at="2018-10-26T11:19:41Z">
          <reporter-output>
          </reporter-output>
        </test-method> <!-- submitAndRest -->
      </class> <!-- com.org.Trujet.maven.testng.TrujetWebsiteAutomationTest -->
    </test> <!-- Surefire test -->
  </suite> <!-- Surefire suite -->
</testng-results>
