<?xml version="1.0" encoding="UTF-8"?>
<testng-results skipped="0" failed="1" ignored="0" total="7" passed="6">
  <reporter-output>
  </reporter-output>
  <suite name="Default suite" duration-ms="48500" started-at="2018-10-26T11:14:21Z" finished-at="2018-10-26T11:15:10Z">
    <groups>
    </groups>
    <test name="Default test" duration-ms="48500" started-at="2018-10-26T11:14:21Z" finished-at="2018-10-26T11:15:10Z">
      <class name="com.org.Trujet.maven.testng.TrujetWebsiteAutomationTest">
        <test-method status="PASS" signature="webdriver()[pri:0, instance:com.org.Trujet.maven.testng.TrujetWebsiteAutomationTest@a3ffec]" name="webdriver" is-config="true" duration-ms="15229" started-at="2018-10-26T11:14:21Z" finished-at="2018-10-26T11:14:36Z">
          <reporter-output>
          </reporter-output>
        </test-method> <!-- webdriver -->
        <test-method status="PASS" signature="BootstrapDropDown()[pri:1, instance:com.org.Trujet.maven.testng.TrujetWebsiteAutomationTest@a3ffec]" name="BootstrapDropDown" duration-ms="280" started-at="2018-10-26T11:14:36Z" finished-at="2018-10-26T11:14:37Z">
          <reporter-output>
          </reporter-output>
        </test-method> <!-- BootstrapDropDown -->
        <test-method status="PASS" signature="MultipleWindow()[pri:2, instance:com.org.Trujet.maven.testng.TrujetWebsiteAutomationTest@a3ffec]" name="MultipleWindow" duration-ms="8918" started-at="2018-10-26T11:14:37Z" finished-at="2018-10-26T11:14:46Z">
          <reporter-output>
          </reporter-output>
        </test-method> <!-- MultipleWindow -->
        <test-method status="PASS" signature="Scrolling()[pri:3, instance:com.org.Trujet.maven.testng.TrujetWebsiteAutomationTest@a3ffec]" name="Scrolling" duration-ms="6077" started-at="2018-10-26T11:14:46Z" finished-at="2018-10-26T11:14:52Z">
          <reporter-output>
          </reporter-output>
        </test-method> <!-- Scrolling -->
        <test-method status="PASS" signature="DropdownCountries()[pri:4, instance:com.org.Trujet.maven.testng.TrujetWebsiteAutomationTest@a3ffec]" name="DropdownCountries" duration-ms="4086" started-at="2018-10-26T11:14:52Z" finished-at="2018-10-26T11:14:56Z">
          <reporter-output>
          </reporter-output>
        </test-method> <!-- DropdownCountries -->
        <test-method status="PASS" signature="StateDropDown()[pri:5, instance:com.org.Trujet.maven.testng.TrujetWebsiteAutomationTest@a3ffec]" name="StateDropDown" duration-ms="3126" started-at="2018-10-26T11:14:56Z" finished-at="2018-10-26T11:14:59Z">
          <reporter-output>
          </reporter-output>
        </test-method> <!-- StateDropDown -->
        <test-method status="PASS" signature="submitAndRest()[pri:6, instance:com.org.Trujet.maven.testng.TrujetWebsiteAutomationTest@a3ffec]" name="submitAndRest" duration-ms="10727" started-at="2018-10-26T11:14:59Z" finished-at="2018-10-26T11:15:10Z">
          <reporter-output>
          </reporter-output>
        </test-method> <!-- submitAndRest -->
        <test-method status="FAIL" signature="cookieManagement()[pri:7, instance:com.org.Trujet.maven.testng.TrujetWebsiteAutomationTest@a3ffec]" name="cookieManagement" duration-ms="10" started-at="2018-10-26T11:15:10Z" finished-at="2018-10-26T11:15:10Z">
          <exception class="org.openqa.selenium.NoSuchSessionException">
            <message>
              <![CDATA[Tried to run command without establishing a connection
Build info: version: '3.13.0', revision: '2f0d292', time: '2018-06-25T15:24:21.231Z'
System info: host: 'JHANSI-PC', ip: '192.168.2.7', os.name: 'Windows 7', os.arch: 'x86', os.version: '6.1', java.version: '1.8.0_151'
Driver info: org.openqa.selenium.firefox.FirefoxDriver
Capabilities {acceptInsecureCerts: true, browserName: firefox, browserVersion: 63.0, javascriptEnabled: true, moz:accessibilityChecks: false, moz:geckodriverVersion: 0.23.0, moz:headless: false, moz:processID: 7280, moz:profile: C:\Users\JHANSI\AppData\Loc..., moz:useNonSpecCompliantPointerOrigin: false, moz:webdriverClick: true, pageLoadStrategy: normal, platform: WINDOWS, platformName: WINDOWS, platformVersion: 6.1, rotatable: false, setWindowRect: true, timeouts: {implicit: 0, pageLoad: 300000, script: 30000}, unhandledPromptBehavior: dismiss and notify}
Session ID: 97a83482-39a2-41b3-921d-a2c09f9c36dd]]>
            </message>
            <full-stacktrace>
              <![CDATA[org.openqa.selenium.NoSuchSessionException: Tried to run command without establishing a connection
Build info: version: '3.13.0', revision: '2f0d292', time: '2018-06-25T15:24:21.231Z'
System info: host: 'JHANSI-PC', ip: '192.168.2.7', os.name: 'Windows 7', os.arch: 'x86', os.version: '6.1', java.version: '1.8.0_151'
Driver info: org.openqa.selenium.firefox.FirefoxDriver
Capabilities {acceptInsecureCerts: true, browserName: firefox, browserVersion: 63.0, javascriptEnabled: true, moz:accessibilityChecks: false, moz:geckodriverVersion: 0.23.0, moz:headless: false, moz:processID: 7280, moz:profile: C:\Users\JHANSI\AppData\Loc..., moz:useNonSpecCompliantPointerOrigin: false, moz:webdriverClick: true, pageLoadStrategy: normal, platform: WINDOWS, platformName: WINDOWS, platformVersion: 6.1, rotatable: false, setWindowRect: true, timeouts: {implicit: 0, pageLoad: 300000, script: 30000}, unhandledPromptBehavior: dismiss and notify}
Session ID: 97a83482-39a2-41b3-921d-a2c09f9c36dd
at sun.reflect.NativeConstructorAccessorImpl.newInstance0(Native Method)
at sun.reflect.NativeConstructorAccessorImpl.newInstance(NativeConstructorAccessorImpl.java:62)
at sun.reflect.DelegatingConstructorAccessorImpl.newInstance(DelegatingConstructorAccessorImpl.java:45)
at java.lang.reflect.Constructor.newInstance(Constructor.java:423)
at org.openqa.selenium.remote.http.W3CHttpResponseCodec.createException(W3CHttpResponseCodec.java:187)
at org.openqa.selenium.remote.http.W3CHttpResponseCodec.decode(W3CHttpResponseCodec.java:122)
at org.openqa.selenium.remote.http.W3CHttpResponseCodec.decode(W3CHttpResponseCodec.java:49)
at org.openqa.selenium.remote.HttpCommandExecutor.execute(HttpCommandExecutor.java:158)
at org.openqa.selenium.remote.service.DriverCommandExecutor.execute(DriverCommandExecutor.java:83)
at org.openqa.selenium.remote.RemoteWebDriver.execute(RemoteWebDriver.java:548)
at org.openqa.selenium.remote.RemoteWebDriver.execute(RemoteWebDriver.java:605)
at org.openqa.selenium.remote.RemoteWebDriver$RemoteWebDriverOptions.getCookies(RemoteWebDriver.java:695)
at com.org.Trujet.maven.testng.TrujetWebsiteAutomationTest.cookieManagement(TrujetWebsiteAutomationTest.java:32)
at sun.reflect.NativeMethodAccessorImpl.invoke0(Native Method)
at sun.reflect.NativeMethodAccessorImpl.invoke(NativeMethodAccessorImpl.java:62)
at sun.reflect.DelegatingMethodAccessorImpl.invoke(DelegatingMethodAccessorImpl.java:43)
at java.lang.reflect.Method.invoke(Method.java:498)
at org.testng.internal.MethodInvocationHelper.invokeMethod(MethodInvocationHelper.java:124)
at org.testng.internal.Invoker.invokeMethod(Invoker.java:580)
at org.testng.internal.Invoker.invokeTestMethod(Invoker.java:716)
at org.testng.internal.Invoker.invokeTestMethods(Invoker.java:988)
at org.testng.internal.TestMethodWorker.invokeTestMethods(TestMethodWorker.java:125)
at org.testng.internal.TestMethodWorker.run(TestMethodWorker.java:109)
at org.testng.TestRunner.privateRun(TestRunner.java:648)
at org.testng.TestRunner.run(TestRunner.java:505)
at org.testng.SuiteRunner.runTest(SuiteRunner.java:455)
at org.testng.SuiteRunner.runSequentially(SuiteRunner.java:450)
at org.testng.SuiteRunner.privateRun(SuiteRunner.java:415)
at org.testng.SuiteRunner.run(SuiteRunner.java:364)
at org.testng.SuiteRunnerWorker.runSuite(SuiteRunnerWorker.java:52)
at org.testng.SuiteRunnerWorker.run(SuiteRunnerWorker.java:84)
at org.testng.TestNG.runSuitesSequentially(TestNG.java:1208)
at org.testng.TestNG.runSuitesLocally(TestNG.java:1137)
at org.testng.TestNG.runSuites(TestNG.java:1049)
at org.testng.TestNG.run(TestNG.java:1017)
at org.testng.remote.AbstractRemoteTestNG.run(AbstractRemoteTestNG.java:114)
at org.testng.remote.RemoteTestNG.initAndRun(RemoteTestNG.java:251)
at org.testng.remote.RemoteTestNG.main(RemoteTestNG.java:77)
]]>
            </full-stacktrace>
          </exception> <!-- org.openqa.selenium.NoSuchSessionException -->
          <reporter-output>
          </reporter-output>
        </test-method> <!-- cookieManagement -->
      </class> <!-- com.org.Trujet.maven.testng.TrujetWebsiteAutomationTest -->
    </test> <!-- Default test -->
  </suite> <!-- Default suite -->
</testng-results>
